Name                                                                                    Stmts   Miss Branch BrPart  Cover   Missing
-----------------------------------------------------------------------------------------------------------------------------------
/usr/lib/python3/dist-packages/PIL/__init__.py                                              6      0      0      0   100%
/usr/lib/python3/dist-packages/PIL/_version.py                                              1      0      0      0   100%
/usr/lib/python3/dist-packages/certifi/__init__.py                                          2      0      0      0   100%
/usr/lib/python3/dist-packages/certifi/core.py                                             19      8      2      1    57%   27->40, 43-55, 59-60
/usr/lib/python3/dist-packages/idna/__init__.py                                             4      0      0      0   100%
/usr/lib/python3/dist-packages/idna/core.py                                               290    255    186      0     7%   33-37, 40, 43, 46, 50-52, 56-58, 63-117, 121-123, 127-131, 135-136, 140-183, 187-225, 229-252, 256-276, 280-305, 310-337, 341-367, 371-397
/usr/lib/python3/dist-packages/idna/idnadata.py                                             4      0      0      0   100%
/usr/lib/python3/dist-packages/idna/intranges.py                                           30     24     14      0    14%   19-30, 33, 36, 41-54
/usr/lib/python3/dist-packages/idna/package_data.py                                         1      0      0      0   100%
/usr/lib/python3/dist-packages/importlib_metadata/__init__.py                             431    231     36      0    43%   56, 60-61, 107, 115-122, 126, 167-170, 174-175, 179-180, 184-185, 188-189, 195-200, 203, 209-210, 253-254, 257-258, 261-262, 265-266, 269-270, 273-274, 277-278, 281-282, 285-288, 291-292, 295-296, 299-303, 317-328, 335, 342, 353, 357, 361, 365, 402-403, 406-407, 410-411, 414-415, 418-419, 422-423, 434-437, 444-445, 449, 458, 461-463, 470-471, 474-475, 479, 484, 487, 518-524, 536-540, 551, 556-559, 563-571, 580-588, 593, 598, 603, 607, 620-629, 635-636, 643-644, 649-650, 653, 656-657, 661, 675-687, 725, 746, 749, 752, 755-759, 762-766, 769, 773-775, 779, 784-802, 805-815, 827-831, 838, 846, 849, 869-870, 875-876, 881, 890, 893-900, 905, 913-914, 917-921, 930, 938, 947, 957, 977-982, 991, 1001, 1014-1018
/usr/lib/python3/dist-packages/importlib_metadata/_adapters.py                             33     20      6      0    33%   31-33, 36, 40, 43-52, 61-68
/usr/lib/python3/dist-packages/importlib_metadata/_collections.py                          10      3      0      0    70%   21, 24, 30
/usr/lib/python3/dist-packages/importlib_metadata/_compat.py                               23      0      0      0   100%
/usr/lib/python3/dist-packages/importlib_metadata/_functools.py                            11      0      0      0   100%
/usr/lib/python3/dist-packages/importlib_metadata/_itertools.py                            13     11      8      0    10%   8-19
/usr/lib/python3/dist-packages/importlib_metadata/_meta.py                                 16      0      0      0   100%
/usr/lib/python3/dist-packages/importlib_metadata/_text.py                                 25      9      0      0    64%   68, 71, 74, 77, 83, 87, 95, 98-99
/usr/lib/python3/dist-packages/more_itertools/__init__.py                                   3      0      0      0   100%
/usr/lib/python3/dist-packages/more_itertools/more.py                                    1273   1097    520      0    10%   151-164, 184-192, 207-221, 238, 301-302, 305, 308-312, 321-328, 359, 362-365, 369-391, 394-403, 437-441, 467-473, 488-490, 501-503, 517-518, 565-585, 613-685, 699-711, 741-744, 774-795, 811-821, 850-853, 895-898, 901-911, 919-937, 940-945, 948-951, 991-994, 1008, 1023-1024, 1051-1090, 1120-1138, 1185-1199, 1222-1233, 1259-1277, 1296-1312, 1332-1348, 1370-1393, 1431-1438, 1457-1470, 1479, 1494-1498, 1529-1533, 1557-1559, 1566-1572, 1576-1580, 1601-1626, 1650-1665, 1708-1729, 1754-1780, 1812-1831, 1875-1884, 1916-1923, 1962-1968, 2026-2051, 2054-2057, 2060-2067, 2070-2082, 2085-2106, 2112-2115, 2118-2122, 2125, 2128-2141, 2144, 2147-2152, 2157, 2164, 2167-2178, 2181-2185, 2197-2201, 2224-2238, 2279-2286, 2304, 2321-2330, 2347, 2377-2381, 2384, 2387, 2390-2393, 2397-2489, 2504-2507, 2552-2555, 2588-2597, 2631-2633, 2636, 2639, 2642, 2732-2737, 2740, 2743-2754, 2757-2761, 2764-2773, 2776, 2779-2782, 2807, 2811, 2829, 2838-2839, 2892-2904, 2958-2971, 3007-3014, 3046-3075, 3092-3095, 3123-3151, 3180-3185, 3188, 3191-3196, 3223-3237, 3261-3274, 3288-3314, 3332-3338, 3355-3359, 3380-3381, 3389-3407, 3415-3442, 3470-3478, 3495-3497, 3556-3562, 3565, 3568-3569, 3572, 3575, 3579-3581, 3585-3588, 3591-3625, 3652-3665, 3687-3700, 3715-3731, 3749-3777, 3798-3805, 3821-3830, 3846-3873, 3890-3897, 3919-3920, 3923, 3926-3929, 3946-3951, 3955-3962, 3966-3997, 4022-4054
/usr/lib/python3/dist-packages/more_itertools/recipes.py                                  147    108     34      0    22%   73, 91, 102, 137-142, 155, 168-169, 179, 193, 206, 216, 228, 253-255, 267-269, 274-275, 279, 291-297, 312-320, 343-348, 373-374, 404-419, 431, 456-462, 482, 501-502, 518-520, 533-536, 550-553, 571-595, 610, 625-630
/usr/lib/python3/dist-packages/pkg_resources/__init__.py                                 1568    911    448     37    36%   46-48, 52-53, 60-62, 71-72, 82, 113-121, 133-137, 141-144, 148, 152-153, 157, 161, 183-187, 245, 260, 264, 267, 274-277, 290, 301, 305, 309-311, 314, 317, 346-354, 358-370, 374, 387-397, 414-450, 455-459, 468-474, 479, 484, 489, 553->556, 572-577, 586-599, 618, 630-634, 643, 652-656, 668, 671->670, 688, 691, 699->701, 702, 733-796, 834-880, 891-896, 905, 909-910, 914, 917, 923-927, 943-947, 972-975, 984-989, 993, 1003-1008, 1018-1019, 1024-1028, 1044-1056, 1067-1068, 1072-1074, 1078-1086, 1090-1093, 1125, 1129, 1135, 1141, 1147, 1153, 1160-1183, 1198-1208, 1220-1235, 1252-1255, 1276-1281, 1303, 1324-1326, 1335, 1343, 1351-1357, 1368-1372, 1383-1384, 1387, 1390, 1393, 1396, 1403, 1410, 1415-1419, 1425, 1428, 1431, 1434-1436, 1439-1460, 1463, 1468, 1473, 1481, 1544-1552, 1559-1561, 1573-1577, 1584-1585, 1590-1592, 1595-1597, 1607, 1610, 1613, 1638, 1641, 1664-1672, 1687-1694, 1704-1705, 1710-1715, 1722-1725, 1731, 1734-1744, 1748-1753, 1758-1809, 1815-1825, 1828-1834, 1837-1851, 1854-1855, 1858, 1861, 1864, 1867, 1889, 1896, 1906-1908, 1945-1951, 1978-1998, 2051-2056, 2113, 2122-2129, 2137, 2151-2155, 2163-2169, 2174->2177, 2202-2231, 2239-2265, 2271-2299, 2307-2309, 2317-2324, 2330->2334, 2335, 2370, 2374, 2392-2396, 2406, 2433-2439, 2442-2447, 2450, 2456-2465, 2471-2475, 2478-2488, 2510-2517, 2521-2526, 2531-2539, 2544-2558, 2583->2585, 2595->2603, 2599->2603, 2613, 2623, 2626, 2629, 2632, 2635, 2638-2641, 2644, 2660-2663, 2666-2689, 2693-2704, 2712-2716, 2725-2738, 2741-2745, 2749-2759, 2765-2776, 2791->2793, 2794->exit, 2798, 2802-2809, 2812-2815, 2818-2823, 2832, 2842, 2849-2854, 2858-2861, 2865-2873, 2877, 2902, 2911, 2919-2946, 2949-2965, 2971-2976, 2980-2984, 2988, 3005->3007, 3021-3026, 3030-3034, 3038-3057, 3068-3077, 3086-3099, 3109-3123, 3126, 3132, 3135-3144, 3147, 3150, 3154-3155, 3164, 3171->exit, 3178-3179, 3184-3192, 3203-3218, 3222-3229
/usr/lib/python3/dist-packages/pkg_resources/_vendor/__init__.py                            0      0      0      0   100%
/usr/lib/python3/dist-packages/pkg_resources/_vendor/appdirs.py                           256    218    130      4    11%   25->28, 29-39, 77-97, 131-163, 195-203, 236-254, 290-311, 345-353, 388-404, 411-415, 419, 424, 429, 434, 439, 444, 449, 460-476, 480-503, 507-530, 533-556, 559-571, 577-608
/usr/lib/python3/dist-packages/pkg_resources/_vendor/packaging/__about__.py                 9      0      0      0   100%
/usr/lib/python3/dist-packages/pkg_resources/_vendor/packaging/__init__.py                  2      0      0      0   100%
/usr/lib/python3/dist-packages/pkg_resources/_vendor/packaging/_manylinux.py              183    143     56      0    17%   36-73, 77-82, 89-101, 105-111, 115-119, 143-151, 158-195, 200, 211-219, 224-227, 232-254, 268-301
/usr/lib/python3/dist-packages/pkg_resources/_vendor/packaging/_musllinux.py               72     54     18      0    20%   19, 28-68, 77-83, 98-107, 119-123
/usr/lib/python3/dist-packages/pkg_resources/_vendor/packaging/_structures.py              40     16      0      0    60%   8, 11, 14, 17, 20, 23, 26, 29, 32, 40, 43, 49, 55, 58, 61, 64
/usr/lib/python3/dist-packages/pkg_resources/_vendor/packaging/markers.py                 126     69     28      0    37%   57, 60, 63, 66, 71, 76, 81, 142-145, 152-174, 190-201, 212-219, 223-246, 250-254, 258-260, 277-280, 286, 289, 300-304
/usr/lib/python3/dist-packages/pkg_resources/_vendor/packaging/requirements.py             77     31     18      0    48%   101-123, 126-143, 146
/usr/lib/python3/dist-packages/pkg_resources/_vendor/packaging/specifiers.py              319    205    110      0    27%   103-113, 116-122, 125, 129, 132, 135-143, 146-154, 157-160, 163-165, 169, 173, 177, 181, 184, 191-207, 213-242, 271-273, 280-282, 285, 288, 291, 296, 299, 302, 310-312, 436-443, 451-485, 489, 497, 507, 514-533, 540-565, 568, 575-593, 597, 604-611, 615, 621-635, 645-661, 664-670, 673, 676, 679-699, 702-707, 710-715, 718, 721, 728-739, 743, 746, 753-775, 784-828
/usr/lib/python3/dist-packages/pkg_resources/_vendor/packaging/tags.py                    235    190    134      0    12%   53-61, 65, 69, 73, 76-79, 87, 90, 93, 103-109, 113-118, 122, 131, 135-167, 192-224, 228-230, 248-260, 270-275, 291-300, 304-310, 314-342, 356-410, 418-427, 431, 438-443, 450-451, 458-463, 467, 478-484
/usr/lib/python3/dist-packages/pkg_resources/_vendor/packaging/utils.py                    67     53     28      0    15%   34-35, 43-78, 84-114, 118-136
/usr/lib/python3/dist-packages/pkg_resources/_vendor/packaging/version.py                 230     80     70     14    60%   48-51, 64, 71, 76-79, 83, 88-91, 94-97, 100-103, 108-111, 118, 121, 125, 129, 133, 137, 141, 145, 149, 153, 157, 161, 165, 180-193, 202-220, 291, 298, 305, 313, 353, 357-366, 370, 374, 378, 382, 386, 390, 401, 410, 412, 414, 416, 422-424, 467, 473, 487
/usr/lib/python3/dist-packages/pkg_resources/_vendor/pyparsing.py                        2562   1335    904    120    43%   96-97, 103-106, 110-114, 151-181, 189-193, 212-213, 226, 234-241, 244, 247, 252-257, 259, 309, 312, 320, 322, 381, 385, 392, 394, 398, 418, 425-426, 440-442, 448-452, 455, 457->exit, 461->exit, 463-466, 469, 472, 485-504, 545-561, 580-583, 599-603, 617, 632-635, 641-642, 659-661, 680-685, 688, 691, 697, 699, 718, 739-753, 770-825, 828-832, 856-869, 889-914, 937, 941, 948-958, 961, 964, 978-979, 991, 996-1001, 1004, 1007, 1010, 1014, 1053-1058, 1075-1090, 1097-1098, 1121, 1142, 1201, 1226-1227, 1237-1248, 1319-1320, 1335-1336, 1339-1349, 1353, 1359, 1375-1393, 1413-1425, 1429->1427, 1436-1437, 1445, 1448-1453, 1457-1475, 1480-1533, 1543-1563, 1600-1606, 1640, 1641->1643, 1646-1654, 1688-1727, 1746-1770, 1790-1797, 1812-1819, 1836-1838, 1845->1847, 1848-1850, 1857-1863, 1869-1875, 1902, 1904-1909, 1914-1916, 1919, 1921, 1923, 1932-1935, 1940, 1946, 1953, 1955-1957, 1964-1970, 1977, 1979-1981, 1988-1994, 2000-2006, 2012-2018, 2076-2077, 2092-2100, 2106-2110, 2147-2151, 2157, 2165, 2171, 2179-2191, 2194-2199, 2202, 2205, 2208, 2211, 2226-2230, 2319-2361, 2388-2392, 2395, 2418-2421, 2459-2477, 2480-2491, 2494-2496, 2502, 2516-2520, 2523-2525, 2537, 2540-2543, 2571-2577, 2580-2603, 2658, 2671, 2676, 2693, 2701, 2704-2705, 2726, 2729->2731, 2732, 2734-2735, 2740, 2749->2762, 2785, 2794-2806, 2822-2823, 2832->2835, 2869-2870, 2875-2878, 2891-2892, 2903, 2909, 2911-2912, 2918-2921, 2929-2961, 2969->2972, 2997, 3002, 3006->3010, 3019-3030, 3038->3044, 3040, 3073, 3078-3079, 3082-3094, 3109-3110, 3113-3119, 3122-3127, 3156-3158, 3170-3178, 3191-3192, 3205, 3208-3211, 3222-3224, 3227-3231, 3242-3245, 3248-3253, 3263, 3266, 3271, 3274-3277, 3281, 3284-3286, 3298-3307, 3310-3317, 3358-3361, 3386-3388, 3404-3405, 3407-3415, 3423-3425, 3428-3432, 3436, 3463, 3477-3483, 3486-3494, 3500, 3504-3506, 3510, 3518-3520, 3545, 3558-3561, 3569, 3572-3574, 3578, 3586-3588, 3646-3649, 3652-3698, 3701-3707, 3710-3712, 3725, 3741, 3746->3748, 3751-3760, 3764->3766, 3769-3773, 3776-3779, 3810-3811, 3814-3815, 3837-3839, 3843, 3856, 3864, 3869, 3875, 3877, 3881->3873, 3916, 3918->3921, 3947, 3949->3952, 3956, 3959, 4008-4012, 4019, 4082-4092, 4095-4139, 4165, 4177, 4180-4181, 4186->4188, 4191-4195, 4199, 4218-4220, 4224, 4262-4266, 4274, 4340-4361, 4387, 4395-4396, 4398-4402, 4404, 4427-4445, 4465, 4487-4498, 4501-4507, 4522-4535, 4551-4563, 4596-4644, 4679, 4712-4713, 4723, 4745-4746, 4784-4785, 4792-4795, 4809, 4823, 4858, 4863-4864, 4878-4879, 4885-4886, 4930, 4982-4994, 5029-5030, 5097-5146, 5215-5245, 5325-5359, 5369, 5607-5612, 5629-5634, 5659, 5675-5740
/usr/lib/python3/dist-packages/pkg_resources/extern/__init__.py                            37      4      4      2    85%   22, 41-44, 68->exit
/usr/lib/python3/dist-packages/six.py                                                     503    234    158     23    48%   49-72, 77, 103-104, 117, 125-126, 136-138, 150, 159-162, 190-192, 202-203, 232-233, 324, 504, 512, 517-523, 535-541, 546-548, 554-556, 561, 566, 570-584, 599, 602, 608, 616-632, 644, 647, 661-663, 669-689, 695, 699, 703, 707, 714-737, 753-754, 759-811, 813-820, 830-850, 869-871, 886-889, 892->894, 909-913, 928-936, 950-955, 966-973, 981->986, 986->998, 994-995
/usr/lib/python3/dist-packages/urllib3/__init__.py                                         34      8      0      0    76%   55-61, 85
/usr/lib/python3/dist-packages/urllib3/_collections.py                                    188    137     66      1    20%   5-6, 9-16, 48-52, 56-59, 62-74, 77-81, 84-85, 88, 93-100, 103-104, 142-150, 153-154, 157-158, 161, 164, 167-171, 176, 179-180, 185, 189-190, 199-207, 210-213, 224-229, 236-257, 262-269, 276-287, 298, 301-306, 309-311, 315-318, 322-324, 327, 335-355
/usr/lib/python3/dist-packages/urllib3/_version.py                                          1      0      0      0   100%
/usr/lib/python3/dist-packages/urllib3/connection.py                                      217    151     62      1    24%   21-25, 31-34, 40-43, 111-125, 144, 154, 161-185, 189, 192-197, 200-201, 207-214, 218-221, 227-234, 241-273, 306-316, 335-349, 353-466, 475-500, 511-522, 526, 536
/usr/lib/python3/dist-packages/urllib3/connectionpool.py                                  334    269    102      0    15%   76-81, 84, 87, 90-92, 98, 184-221, 227-242, 256-281, 297-309, 315, 319, 323-331, 336-354, 375-475, 478, 484-496, 503-517, 628-867, 913-936, 944-956, 966-971, 977-1007, 1013-1020, 1051-1056, 1064-1074
/usr/lib/python3/dist-packages/urllib3/contrib/__init__.py                                  0      0      0      0   100%
/usr/lib/python3/dist-packages/urllib3/contrib/_appengine_environ.py                       11      1      0      0    91%   36
/usr/lib/python3/dist-packages/urllib3/contrib/socks.py                                    75     67     20      0     8%   60-216
/usr/lib/python3/dist-packages/urllib3/exceptions.py                                      116     34      4      0    68%   24-25, 29, 36-37, 41, 54-55, 88-92, 99-101, 162-165, 172-175, 254, 257, 267-271, 274, 294-303, 316-317
/usr/lib/python3/dist-packages/urllib3/fields.py                                           90     70     34      0    16%   19-21, 40-63, 83-92, 114-119, 151-157, 177-193, 206, 219-228, 234-247, 264-274
/usr/lib/python3/dist-packages/urllib3/filepost.py                                         43     30     18      0    21%   19-22, 33-42, 57-60, 74-98
/usr/lib/python3/dist-packages/urllib3/packages/__init__.py                                 8      2      0      0    75%   10-11
/usr/lib/python3/dist-packages/urllib3/packages/ssl_match_hostname/__init__.py             11      1      2      1    85%   11
/usr/lib/python3/dist-packages/urllib3/packages/ssl_match_hostname/_implementation.py      73     62     42      0    10%   15-16, 30-76, 80-82, 93-94, 105-158
/usr/lib/python3/dist-packages/urllib3/poolmanager.py                                     194    149     74      0    17%   99-124, 171-178, 181, 184-186, 198-213, 222, 235-245, 254-260, 270-284, 297-298, 310-320, 328-331, 340-347, 361-420, 474-498, 501-506, 515-523, 527-535, 539
/usr/lib/python3/dist-packages/urllib3/request.py                                          39     28     14      0    21%   41, 53, 69-78, 87-96, 143-170
/usr/lib/python3/dist-packages/urllib3/response.py                                        405    328    176      3    14%   37-39, 42, 45-64, 76-77, 80, 83-101, 106-120, 133, 136, 139-141, 145-154, 192, 216-260, 270-273, 276-280, 288-291, 296-300, 304, 307, 315, 321-367, 375-386, 390, 396-412, 419-423, 434-479, 502-553, 571-579, 590-611, 615, 618, 622, 626-633, 637-646, 649-654, 660-665, 669, 673-678, 687, 692-701, 704-723, 739-793, 801-804, 807-821
/usr/lib/python3/dist-packages/urllib3/util/__init__.py                                    10      0      0      0   100%
/usr/lib/python3/dist-packages/urllib3/util/connection.py                                  72     49     28      3    26%   22-31, 56-98, 102-106, 114-117, 130, 132->145, 142-143, 145->147
/usr/lib/python3/dist-packages/urllib3/util/proxy.py                                       14     11      8      0    14%   18-34, 44-56
/usr/lib/python3/dist-packages/urllib3/util/queue.py                                       14      5      2      1    62%   8, 13, 16, 19, 22
/usr/lib/python3/dist-packages/urllib3/util/request.py                                     52     25     24      8    46%   21, 69->78, 71, 73, 79, 82, 85, 88, 93, 103-113, 127-141
/usr/lib/python3/dist-packages/urllib3/util/response.py                                    38     31     14      0    13%   17-37, 55-91, 104-107
/usr/lib/python3/dist-packages/urllib3/util/retry.py                                      205    138     82      4    25%   38-43, 47-52, 56-61, 65-70, 248-260, 261->263, 263->266, 273-274, 289-322, 327-336, 344-353, 357-376, 381-386, 389-394, 397-400, 411-416, 422-424, 430, 438-450, 459-465, 474-486, 507-580, 583, 589-600
/usr/lib/python3/dist-packages/urllib3/util/ssl_.py                                       192    120     66      7    31%   37-40, 48-49, 53-54, 66-72, 76-77, 82-84, 89-90, 131-179, 192-204, 222-231, 238-247, 287->290, 297->312, 320->325, 326->exit, 342-343, 347->352, 350, 393-454, 464-467, 472-478, 482-495
/usr/lib/python3/dist-packages/urllib3/util/ssltransport.py                               139    134     50      0     3%   8-221
/usr/lib/python3/dist-packages/urllib3/util/timeout.py                                     64     42     22      0    26%   103-106, 109, 130-163, 179, 193, 201-204, 214-218, 230-236, 255-268
/usr/lib/python3/dist-packages/urllib3/util/url.py                                        205    152     94      0    18%   101-105, 112, 117-122, 127-129, 150-169, 172, 193-207, 214-241, 246-271, 275-299, 303-317, 322-327, 352-416, 431-432
/usr/lib/python3/dist-packages/urllib3/util/wait.py                                        77     59     28      1    18%   8-9, 43-68, 72-87, 91-107, 111, 118-124, 133-139, 146, 153
/usr/lib/python3/dist-packages/zipp.py                                                     96     51     10      1    43%   34, 53-56, 64, 102-113, 183-188, 196-199, 203, 207, 210-211, 214-215, 218, 221, 224, 227, 230, 233-236, 239, 242, 245-249, 255, 264, 268-271, 274, 277
tcms/__init__.py                                                                            3      0      0      0   100%
tcms/bugs/__init__.py                                                                       0      0      0      0   100%
tcms/core/__init__.py                                                                       0      0      0      0   100%
tcms/core/contrib/__init__.py                                                               0      0      0      0   100%
tcms/core/contrib/linkreference/__init__.py                                                 0      0      0      0   100%
tcms/core/contrib/linkreference/models.py                                                   9      1      0      0    89%   15
tcms/core/forms/__init__.py                                                                 4      0      0      0   100%
tcms/core/forms/fields.py                                                                  26     21      8      0    15%   11-42
tcms/core/models/__init__.py                                                                2      0      0      0   100%
tcms/core/templatetags/__init__.py                                                          0      0      0      0   100%
tcms/core/templatetags/extra_filters.py                                                    33     17      4      0    43%   20, 24, 36-62, 71-77
tcms/core/templatetags/report_tags.py                                                       9      5      0      0    44%   9-13
tcms/core/utils/__init__.py                                                                12     10      8      0    10%   8-20
tcms/core/utils/mailto.py                                                                  35     26     14      0    18%   12-13, 17-22, 26-67
tcms/core/widgets.py                                                                       22      8      2      0    58%   21-33, 43-47
tcms/issuetracker/__init__.py                                                               0      0      0      0   100%
tcms/kiwi_attachments/__init__.py                                                           0      0      0      0   100%
tcms/kiwi_auth/__init__.py                                                                  0      0      0      0   100%
tcms/kiwi_auth/admin.py                                                                   120    115     38      0     3%   8-251
tcms/kiwi_auth/forms.py                                                                    60     59      8      0     1%   3-143
tcms/management/__init__.py                                                                 0      0      0      0   100%
tcms/management/models.py                                                                  77     73      2      0     5%   10-163
tcms/rpc/__init__.py                                                                        0      0      0      0   100%
tcms/rpc/api/__init__.py                                                                    0      0      0      0   100%
tcms/rpc/api/user.py                                                                       63     62     22      0     1%   4-197
tcms/rpc/tests/utils.py                                                                    28     27      0      0     4%   5-69
tcms/telemetry/__init__.py                                                                  0      0      0      0   100%
tcms/telemetry/tests/plugin/__init__.py                                                     0      0      0      0   100%
tcms/telemetry/tests/plugin/menu.py                                                         2      0      0      0   100%
tcms/testcases/__init__.py                                                                  0      0      0      0   100%
tcms/testplans/__init__.py                                                                  0      0      0      0   100%
tcms/testplans/models.py                                                                  118    113     28      0     3%   8-285
tcms/testruns/__init__.py                                                                   0      0      0      0   100%
tcms/urls.py                                                                               31     28      6      0     8%   6-79
tcms/utils/__init__.py                                                                      0      0      0      0   100%
tcms/utils/github.py                                                                       17     11      4      0    29%   15, 23-34, 41-45
tcms/utils/settings.py                                                                     12      8      4      0    25%   18-29
tcms/xmlrpc_wrapper.py                                                                      4      0      0      0   100%
tests/performance/api_write_test.py                                                        32     30      8      0     5%   9-127
tests/performance/base.py                                                                  76     74     26      0     2%   9-153
tests/performance/web_simulation_test.py                                                  150    147     18      0     2%   10-272
-----------------------------------------------------------------------------------------------------------------------------------
TOTAL                                                                                   12590   8298   4154    232    28%
